# JRE version: OpenJDK Runtime Environment Temurin-21.0.5+11 (21.0.5+11) (build 21.0.5+11-LTS)
# Java VM: OpenJDK 64-Bit Server VM Temurin-21.0.5+11 (21.0.5+11-LTS, mixed mode, emulated-client, sharing, tiered, compressed oops, compressed class ptrs, g1 gc, windows-amd64)
GC Precious Log:
 CardTable entry size: 512
 Card Set container configuration: InlinePtr #cards 4 size 8 Array Of Cards #cards 16 size 48 Howl #buckets 8 coarsen threshold 3686 Howl Bitmap #cards 512 size 80 coarsen threshold 460 Card regions per heap region 1 cards per card region 4096
 CPUs: 8 total, 8 available
 Memory: 16304M
 Large Page Support: Disabled
 NUMA Support: Disabled
 Compressed Oops: Enabled (Zero based)
 Heap Region Size: 2M
 Heap Min Capacity: 8M
 Heap Initial Capacity: 256M
 Heap Max Capacity: 4078M
 Pre-touch: Disabled
 Parallel Workers: 8
 Concurrent Workers: 2
 Concurrent Refinement Workers: 8
 Periodic GC: Disabled
Heap:
 garbage-first heap   total 108544K, used 42881K [0x0000000701200000, 0x0000000800000000)
  region size 2048K, 9 young (18432K), 4 survivors (8192K)
 Metaspace       used 20790K, committed 21824K, reserved 1114112K
  class space    used 2946K, committed 3456K, reserved 1048576K
GC Heap History (14 events):
Event: 1.128 GC heap before
{Heap before GC invocations=0 (full 0):
 garbage-first heap   total 262144K, used 22528K [0x0000000701200000, 0x0000000800000000)
  region size 2048K, 11 young (22528K), 0 survivors (0K)
 Metaspace       used 3848K, committed 4160K, reserved 1114112K
  class space    used 443K, committed 576K, reserved 1048576K
}
Event: 1.135 GC heap after
{Heap after GC invocations=1 (full 0):
 garbage-first heap   total 262144K, used 9739K [0x0000000701200000, 0x0000000800000000)
  region size 2048K, 2 young (4096K), 2 survivors (4096K)
 Metaspace       used 3848K, committed 4160K, reserved 1114112K
  class space    used 443K, committed 576K, reserved 1048576K
}
Event: 1.440 GC heap before
{Heap before GC invocations=1 (full 0):
 garbage-first heap   total 262144K, used 30219K [0x0000000701200000, 0x0000000800000000)
  region size 2048K, 12 young (24576K), 2 survivors (4096K)
 Metaspace       used 4135K, committed 4416K, reserved 1114112K
  class space    used 494K, committed 640K, reserved 1048576K
}
Event: 1.447 GC heap after
{Heap after GC invocations=2 (full 0):
 garbage-first heap   total 262144K, used 16522K [0x0000000701200000, 0x0000000800000000)
  region size 2048K, 2 young (4096K), 2 survivors (4096K)
 Metaspace       used 4135K, committed 4416K, reserved 1114112K
  class space    used 494K, committed 640K, reserved 1048576K
}
Event: 1.624 GC heap before
{Heap before GC invocations=2 (full 0):
 garbage-first heap   total 262144K, used 47242K [0x0000000701200000, 0x0000000800000000)
  region size 2048K, 17 young (34816K), 2 survivors (4096K)
 Metaspace       used 4769K, committed 5056K, reserved 1114112K
  class space    used 564K, committed 704K, reserved 1048576K
}
Event: 1.629 GC heap after
{Heap after GC invocations=3 (full 0):
 garbage-first heap   total 262144K, used 21561K [0x0000000701200000, 0x0000000800000000)
  region size 2048K, 3 young (6144K), 3 survivors (6144K)
 Metaspace       used 4769K, committed 5056K, reserved 1114112K
  class space    used 564K, committed 704K, reserved 1048576K
}
Event: 2.067 GC heap before
{Heap before GC invocations=3 (full 0):
 garbage-first heap   total 262144K, used 50233K [0x0000000701200000, 0x0000000800000000)
  region size 2048K, 18 young (36864K), 3 survivors (6144K)
 Metaspace       used 8918K, committed 9280K, reserved 1114112K
  class space    used 1150K, committed 1280K, reserved 1048576K
}
Event: 2.072 GC heap after
{Heap after GC invocations=4 (full 0):
 garbage-first heap   total 262144K, used 23829K [0x0000000701200000, 0x0000000800000000)
  region size 2048K, 4 young (8192K), 4 survivors (8192K)
 Metaspace       used 8918K, committed 9280K, reserved 1114112K
  class space    used 1150K, committed 1280K, reserved 1048576K
}
Event: 2.524 GC heap before
{Heap before GC invocations=5 (full 0):
 garbage-first heap   total 90112K, used 68885K [0x0000000701200000, 0x0000000800000000)
  region size 2048K, 26 young (53248K), 4 survivors (8192K)
 Metaspace       used 13389K, committed 13824K, reserved 1114112K
  class space    used 1719K, committed 1920K, reserved 1048576K
}
Event: 2.532 GC heap after
{Heap after GC invocations=6 (full 0):
 garbage-first heap   total 90112K, used 26581K [0x0000000701200000, 0x0000000800000000)
  region size 2048K, 3 young (6144K), 3 survivors (6144K)
 Metaspace       used 13389K, committed 13824K, reserved 1114112K
  class space    used 1719K, committed 1920K, reserved 1048576K
}
Event: 2.827 GC heap before
{Heap before GC invocations=6 (full 0):
 garbage-first heap   total 90112K, used 67541K [0x0000000701200000, 0x0000000800000000)
  region size 2048K, 23 young (47104K), 3 survivors (6144K)
 Metaspace       used 17754K, committed 18304K, reserved 1114112K
  class space    used 2431K, committed 2688K, reserved 1048576K
}
Event: 2.834 GC heap after
{Heap after GC invocations=7 (full 0):
 garbage-first heap   total 108544K, used 30009K [0x0000000701200000, 0x0000000800000000)
  region size 2048K, 3 young (6144K), 3 survivors (6144K)
 Metaspace       used 17754K, committed 18304K, reserved 1114112K
  class space    used 2431K, committed 2688K, reserved 1048576K
}
Event: 2.978 GC heap before
{Heap before GC invocations=7 (full 0):
 garbage-first heap   total 108544K, used 60729K [0x0000000701200000, 0x0000000800000000)
  region size 2048K, 20 young (40960K), 3 survivors (6144K)
 Metaspace       used 20532K, committed 21504K, reserved 1114112K
  class space    used 2910K, committed 3392K, reserved 1048576K
}
Event: 2.986 GC heap after
{Heap after GC invocations=8 (full 0):
 garbage-first heap   total 108544K, used 34689K [0x0000000701200000, 0x0000000800000000)
  region size 2048K, 4 young (8192K), 4 survivors (8192K)
 Metaspace       used 20532K, committed 21504K, reserved 1114112K
  class space    used 2910K, committed 3392K, reserved 1048576K
}

