# JRE version: OpenJDK Runtime Environment Temurin-21.0.5+11 (21.0.5+11) (build 21.0.5+11-LTS)
# Java VM: OpenJDK 64-Bit Server VM Temurin-21.0.5+11 (21.0.5+11-LTS, mixed mode, emulated-client, sharing, tiered, compressed oops, compressed class ptrs, g1 gc, windows-amd64)
GC Precious Log:
 CardTable entry size: 512
 Card Set container configuration: InlinePtr #cards 4 size 8 Array Of Cards #cards 16 size 48 Howl #buckets 8 coarsen threshold 3686 Howl Bitmap #cards 512 size 80 coarsen threshold 460 Card regions per heap region 1 cards per card region 4096
 CPUs: 8 total, 8 available
 Memory: 16304M
 Large Page Support: Disabled
 NUMA Support: Disabled
 Compressed Oops: Enabled (Zero based)
 Heap Region Size: 2M
 Heap Min Capacity: 8M
 Heap Initial Capacity: 256M
 Heap Max Capacity: 4078M
 Pre-touch: Disabled
 Parallel Workers: 8
 Concurrent Workers: 2
 Concurrent Refinement Workers: 8
 Periodic GC: Disabled
Heap:
 garbage-first heap   total 108544K, used 40546K [0x0000000701200000, 0x0000000800000000)
  region size 2048K, 8 young (16384K), 4 survivors (8192K)
 Metaspace       used 20837K, committed 21824K, reserved 1114112K
  class space    used 2971K, committed 3456K, reserved 1048576K
GC Heap History (14 events):
Event: 1.354 GC heap before
{Heap before GC invocations=0 (full 0):
 garbage-first heap   total 262144K, used 20480K [0x0000000701200000, 0x0000000800000000)
  region size 2048K, 11 young (22528K), 0 survivors (0K)
 Metaspace       used 3847K, committed 4096K, reserved 1114112K
  class space    used 443K, committed 512K, reserved 1048576K
}
Event: 1.361 GC heap after
{Heap after GC invocations=1 (full 0):
 garbage-first heap   total 262144K, used 9711K [0x0000000701200000, 0x0000000800000000)
  region size 2048K, 2 young (4096K), 2 survivors (4096K)
 Metaspace       used 3847K, committed 4096K, reserved 1114112K
  class space    used 443K, committed 512K, reserved 1048576K
}
Event: 1.633 GC heap before
{Heap before GC invocations=1 (full 0):
 garbage-first heap   total 262144K, used 28143K [0x0000000701200000, 0x0000000800000000)
  region size 2048K, 12 young (24576K), 2 survivors (4096K)
 Metaspace       used 4134K, committed 4416K, reserved 1114112K
  class space    used 494K, committed 640K, reserved 1048576K
}
Event: 1.639 GC heap after
{Heap after GC invocations=2 (full 0):
 garbage-first heap   total 262144K, used 16381K [0x0000000701200000, 0x0000000800000000)
  region size 2048K, 2 young (4096K), 2 survivors (4096K)
 Metaspace       used 4134K, committed 4416K, reserved 1114112K
  class space    used 494K, committed 640K, reserved 1048576K
}
Event: 1.810 GC heap before
{Heap before GC invocations=2 (full 0):
 garbage-first heap   total 262144K, used 47101K [0x0000000701200000, 0x0000000800000000)
  region size 2048K, 17 young (34816K), 2 survivors (4096K)
 Metaspace       used 5235K, committed 5568K, reserved 1114112K
  class space    used 623K, committed 768K, reserved 1048576K
}
Event: 1.816 GC heap after
{Heap after GC invocations=3 (full 0):
 garbage-first heap   total 262144K, used 21316K [0x0000000701200000, 0x0000000800000000)
  region size 2048K, 3 young (6144K), 3 survivors (6144K)
 Metaspace       used 5235K, committed 5568K, reserved 1114112K
  class space    used 623K, committed 768K, reserved 1048576K
}
Event: 2.224 GC heap before
{Heap before GC invocations=3 (full 0):
 garbage-first heap   total 262144K, used 47940K [0x0000000701200000, 0x0000000800000000)
  region size 2048K, 17 young (34816K), 3 survivors (6144K)
 Metaspace       used 8907K, committed 9216K, reserved 1114112K
  class space    used 1147K, committed 1280K, reserved 1048576K
}
Event: 2.228 GC heap after
{Heap after GC invocations=4 (full 0):
 garbage-first heap   total 262144K, used 23400K [0x0000000701200000, 0x0000000800000000)
  region size 2048K, 4 young (8192K), 4 survivors (8192K)
 Metaspace       used 8907K, committed 9216K, reserved 1114112K
  class space    used 1147K, committed 1280K, reserved 1048576K
}
Event: 2.671 GC heap before
{Heap before GC invocations=5 (full 0):
 garbage-first heap   total 90112K, used 68456K [0x0000000701200000, 0x0000000800000000)
  region size 2048K, 26 young (53248K), 4 survivors (8192K)
 Metaspace       used 13388K, committed 13824K, reserved 1114112K
  class space    used 1717K, committed 1920K, reserved 1048576K
}
Event: 2.678 GC heap after
{Heap after GC invocations=6 (full 0):
 garbage-first heap   total 90112K, used 25672K [0x0000000701200000, 0x0000000800000000)
  region size 2048K, 3 young (6144K), 3 survivors (6144K)
 Metaspace       used 13388K, committed 13824K, reserved 1114112K
  class space    used 1717K, committed 1920K, reserved 1048576K
}
Event: 2.996 GC heap before
{Heap before GC invocations=6 (full 0):
 garbage-first heap   total 90112K, used 66632K [0x0000000701200000, 0x0000000800000000)
  region size 2048K, 24 young (49152K), 3 survivors (6144K)
 Metaspace       used 17879K, committed 18496K, reserved 1114112K
  class space    used 2464K, committed 2752K, reserved 1048576K
}
Event: 3.005 GC heap after
{Heap after GC invocations=7 (full 0):
 garbage-first heap   total 108544K, used 29703K [0x0000000701200000, 0x0000000800000000)
  region size 2048K, 3 young (6144K), 3 survivors (6144K)
 Metaspace       used 17879K, committed 18496K, reserved 1114112K
  class space    used 2464K, committed 2752K, reserved 1048576K
}
Event: 3.134 GC heap before
{Heap before GC invocations=7 (full 0):
 garbage-first heap   total 108544K, used 60423K [0x0000000701200000, 0x0000000800000000)
  region size 2048K, 20 young (40960K), 3 survivors (6144K)
 Metaspace       used 20540K, committed 21504K, reserved 1114112K
  class space    used 2932K, committed 3392K, reserved 1048576K
}
Event: 3.141 GC heap after
{Heap after GC invocations=8 (full 0):
 garbage-first heap   total 108544K, used 34402K [0x0000000701200000, 0x0000000800000000)
  region size 2048K, 4 young (8192K), 4 survivors (8192K)
 Metaspace       used 20540K, committed 21504K, reserved 1114112K
  class space    used 2932K, committed 3392K, reserved 1048576K
}

